<?xml version="1.0" encoding="UTF-8"?>
<!-- Generated by org.testng.reporters.JUnitReportReporter -->
<testsuite skipped="0" hostname="sjc-mpi40" name="com.test.stanford.my_test.LandingTest" tests="1" failures="0" timestamp="24 Feb 2018 09:25:03 GMT" time="1.000" errors="0">
  <testcase name="f" time="1.000" classname="com.test.stanford.my_test.LandingTest"/>
</testsuite> <!-- com.test.stanford.my_test.LandingTest -->
