<?xml version="1.0" encoding="UTF-8"?>
<!-- Generated by org.testng.reporters.JUnitReportReporter -->
<testsuite skipped="0" hostname="sjc-mpi40" name="com.test.stanford.my_test.NewTest" tests="1" failures="0" timestamp="24 Feb 2018 09:22:41 GMT" time="1.432" errors="0">
  <testcase name="f" time="1.432" classname="com.test.stanford.my_test.NewTest"/>
</testsuite> <!-- com.test.stanford.my_test.NewTest -->
