<?xml version="1.0" encoding="UTF-8"?>
<!-- Generated by org.testng.reporters.JUnitReportReporter -->
<testsuite skipped="0" hostname="sjc-mpi40" name="com.test.stanford.my_test.LandingPagesTest" tests="2" failures="0" timestamp="25 Feb 2018 02:33:02 GMT" time="51.577" errors="0">
  <testcase name="LinkCheck" time="23.616" classname="com.test.stanford.my_test.LandingPagesTest"/>
  <testcase name="LinkCheck" time="27.961" classname="com.test.stanford.my_test.LandingPagesTest"/>
</testsuite> <!-- com.test.stanford.my_test.LandingPagesTest -->
